Arguments: 
  C:\Program Files\nodejs\node.exe D:\Program Files (x86)\Yarn\bin\yarn.js add Frontend & Backend | Review Pagination and Related Watches

PATH: 
  C:\Windows\system32;C:\Windows;C:\Windows\System32\Wbem;C:\Windows\System32\WindowsPowerShell\v1.0\;C:\Windows\System32\OpenSSH\;C:\Program Files\nodejs\;C:\Program Files\NVIDIA Corporation\NVIDIA NvDLISR;C:\Program Files\Git\cmd;C:\Program Files (x86)\NVIDIA Corporation\PhysX\Common;C:\Program Files (x86)\Windows Kits\8.1\Windows Performance Toolkit\;D:\Program Files (x86)\Yarn\bin\;D:\Program Files\PuTTY\;C:\Program Files\Docker\Docker\resources\bin;C:\ProgramData\DockerDesktop\version-bin;D:\Program Files\MATLAB\R2018a\runtime\win64;D:\Program Files\MATLAB\R2018a\bin;C:\Program Files\dotnet\;C:\Program Files (x86)\dotnet\;D:\Program Files\PostgreSQL\13\bin;D:\Program Files\ffmpeg\bin;C:\Users\Rysiu\AppData\Local\Programs\Python\Python39\Scripts\;C:\Users\Rysiu\AppData\Local\Programs\Python\Python39\;C:\Users\Rysiu\AppData\Local\Microsoft\WindowsApps;C:\Users\Rysiu\AppData\Local\Programs\Microsoft VS Code\bin;C:\Users\Rysiu\AppData\Roaming\npm;C:\Users\Rysiu\AppData\Local\Yarn\bin;C:\Users\Rysiu\AppData\Local\GitHubDesktop\bin;C:\Users\Rysiu\Desktop\instantclient_19_9;

Yarn version: 
  1.22.5

Node version: 
  14.14.0

Platform: 
  win32 x64

Trace: 
  Error: https://registry.yarnpkg.com/Frontend%20&%20Backend%20%7C%20Review%20Pagination%20and%20Related%20Watches: Not found
      at Request.params.callback [as _callback] (D:\Program Files (x86)\Yarn\lib\cli.js:66097:18)
      at Request.self.callback (D:\Program Files (x86)\Yarn\lib\cli.js:140749:22)
      at Request.emit (events.js:315:20)
      at Request.<anonymous> (D:\Program Files (x86)\Yarn\lib\cli.js:141721:10)
      at Request.emit (events.js:315:20)
      at IncomingMessage.<anonymous> (D:\Program Files (x86)\Yarn\lib\cli.js:141643:12)
      at Object.onceWrapper (events.js:421:28)
      at IncomingMessage.emit (events.js:327:22)
      at endReadableNT (_stream_readable.js:1327:12)
      at processTicksAndRejections (internal/process/task_queues.js:80:21)

npm manifest: 
  No manifest

yarn manifest: 
  No manifest

Lockfile: 
  No lockfile
